<?xml version="1.0" encoding="UTF-8"?>
<testsuites name="Feature Profile" time="60.254" tests="1" failures="0" errors="0">
   <testsuite name="Feature Profile" tests="1" failures="0" errors="0" time="60.254" skipped="0" timestamp="2023-09-07 00:58:16" hostname="Revi - DESKTOP-K1C7U6V" id="Test Suites/Profile/Feature Profile">
      <properties>
         <property name="deviceName" value=""/>
         <property name="devicePlatform" value=""/>
         <property name="logFolder" value="D:\\webautomationssteamdeadpool\\Reports\\20230907_005811\\Profile\\Feature Profile\\20230907_005811"/>
         <property name="logFiles" value="D:\\webautomationssteamdeadpool\\Reports\\20230907_005811\\Profile\\Feature Profile\\20230907_005811\\execution0.log"/>
         <property name="attachments" value=""/>
         <property name="hostName" value="Revi - DESKTOP-K1C7U6V"/>
         <property name="os" value="Windows 10 64bit"/>
         <property name="katalonVersion" value="8.6.5.208"/>
         <property name="browser" value="Firefox 117.0"/>
         <property name="hostAddress" value="192.168.1.13"/>
         <property name="sessionId" value="eaad49e4-6cc0-4e70-9c78-399f7192da1e"/>
         <property name="seleniumVersion" value="3.141.59"/>
         <property name="proxyInformation" value="ProxyInformation { proxyOption=NO_PROXY, proxyServerType=HTTP, username=, password=********, proxyServerAddress=, proxyServerPort=0, executionList=&quot;&quot;, isApplyToDesiredCapabilities=true }"/>
         <property name="platform" value="Windows 10"/>
      </properties>
      <testcase name="Test Cases/Test Case/Edit Profile with valid data" time="59.825" classname="Test Cases/Test Case/Edit Profile with valid data" status="PASSED">
         <system-out><![CDATA[2023-09-07 00:58:17 - [TEST_CASE][PASSED] - Test Cases/Test Case/Edit Profile with valid data: Test Cases/Test Case/Edit Profile with valid data

2023-09-07 00:58:17 - [TEST_STEP][PASSED] - callTestCase(findTestCase("Login/Test Case/User Success login with valid credential"), [:], STOP_ON_FAILURE): Call Test Case 'Test Cases/Login/Test Case/User Success login with valid credential' successfully

2023-09-07 00:58:17 - [TEST_CASE][PASSED] - Test Cases/Login/Test Case/User Success login with valid credential: Test Cases/Login/Test Case/User Success login with valid credential

2023-09-07 00:58:18 - [TEST_STEP][PASSED] - callTestCase(findTestCase("Login/Step definition/User click botton masuk on home page"), [:], STOP_ON_FAILURE): Call Test Case 'Test Cases/Login/Step definition/User click botton masuk on home page' successfully

2023-09-07 00:58:18 - [TEST_CASE][PASSED] - Test Cases/Login/Step definition/User click botton masuk on home page: Test Cases/Login/Step definition/User click botton masuk on home page

2023-09-07 00:58:18 - [TEST_STEP][PASSED] - openBrowser(""): Browser is opened with url: ''

2023-09-07 00:58:18 - [MESSAGE][INFO] - Starting 'Firefox' driver

2023-09-07 00:58:19 - [MESSAGE][INFO] - Action delay is set to 0 milliseconds

2023-09-07 00:58:49 - [MESSAGE][PASSED] - Browser is opened with url: ''

2023-09-07 00:58:49 - [TEST_STEP][PASSED] - maximizeWindow(): Current window maximized

2023-09-07 00:58:49 - [MESSAGE][PASSED] - Current window maximized

2023-09-07 00:58:49 - [TEST_STEP][PASSED] - navigateToUrl("https://secondhand.binaracademy.org/"): Navigate to 'https://secondhand.binaracademy.org/' successfully

2023-09-07 00:58:54 - [MESSAGE][PASSED] - Navigate to 'https://secondhand.binaracademy.org/' successfully

2023-09-07 00:58:54 - [TEST_STEP][PASSED] - verifyElementPresent(findTestObject("Login/btnLogin"), 3): Object 'Object Repository/Login/btnLogin' is present

2023-09-07 00:58:56 - [MESSAGE][PASSED] - Object 'Object Repository/Login/btnLogin' is present

2023-09-07 00:58:56 - [TEST_STEP][PASSED] - click(findTestObject("Login/btnLogin")): Object: 'Object Repository/Login/btnLogin' is clicked on

2023-09-07 00:58:56 - [MESSAGE][PASSED] - Object: 'Object Repository/Login/btnLogin' is clicked on

2023-09-07 00:58:57 - [MESSAGE][PASSED] - Call Test Case 'Test Cases/Login/Step definition/User click botton masuk on home page' successfully

2023-09-07 00:58:57 - [TEST_STEP][PASSED] - callTestCase(findTestCase("Login/Step definition/user input email"), [:], STOP_ON_FAILURE): Call Test Case 'Test Cases/Login/Step definition/user input email' successfully

2023-09-07 00:58:57 - [TEST_CASE][PASSED] - Test Cases/Login/Step definition/user input email: Test Cases/Login/Step definition/user input email

2023-09-07 00:58:57 - [TEST_STEP][PASSED] - verifyElementPresent(findTestObject("Login/fieldemail"), 3): Object 'Object Repository/Login/fieldemail' is present

2023-09-07 00:58:58 - [MESSAGE][PASSED] - Object 'Object Repository/Login/fieldemail' is present

2023-09-07 00:58:58 - [TEST_STEP][PASSED] - setText(findTestObject("Login/fieldemail"), "revimarhaendra22@gmail.com"): Text 'revimarhaendra22@gmail.com' is set on object 'Object Repository/Login/fieldemail'

2023-09-07 00:58:59 - [MESSAGE][PASSED] - Text 'revimarhaendra22@gmail.com' is set on object 'Object Repository/Login/fieldemail'

2023-09-07 00:58:59 - [MESSAGE][PASSED] - Call Test Case 'Test Cases/Login/Step definition/user input email' successfully

2023-09-07 00:58:59 - [TEST_STEP][PASSED] - callTestCase(findTestCase("Login/Step definition/user input password"), [:], STOP_ON_FAILURE): Call Test Case 'Test Cases/Login/Step definition/user input password' successfully

2023-09-07 00:58:59 - [TEST_CASE][PASSED] - Test Cases/Login/Step definition/user input password: Test Cases/Login/Step definition/user input password

2023-09-07 00:58:59 - [TEST_STEP][PASSED] - verifyElementPresent(findTestObject("Login/fieldpassword"), 3): Object 'Object Repository/Login/fieldpassword' is present

2023-09-07 00:58:59 - [MESSAGE][PASSED] - Object 'Object Repository/Login/fieldpassword' is present

2023-09-07 00:58:59 - [TEST_STEP][PASSED] - setText(findTestObject("Login/fieldpassword"), "Revivengeance020797"): Text 'Revivengeance020797' is set on object 'Object Repository/Login/fieldpassword'

2023-09-07 00:59:00 - [MESSAGE][PASSED] - Text 'Revivengeance020797' is set on object 'Object Repository/Login/fieldpassword'

2023-09-07 00:59:00 - [MESSAGE][PASSED] - Call Test Case 'Test Cases/Login/Step definition/user input password' successfully

2023-09-07 00:59:00 - [TEST_STEP][PASSED] - callTestCase(findTestCase("Login/Step definition/User click botton Masuk"), [:], STOP_ON_FAILURE): Call Test Case 'Test Cases/Login/Step definition/User click botton Masuk' successfully

2023-09-07 00:59:00 - [TEST_CASE][PASSED] - Test Cases/Login/Step definition/User click botton Masuk: Test Cases/Login/Step definition/User click botton Masuk

2023-09-07 00:59:01 - [TEST_STEP][PASSED] - verifyElementPresent(findTestObject("Login/btnMasuk"), 3): Object 'Object Repository/Login/btnMasuk' is present

2023-09-07 00:59:01 - [MESSAGE][PASSED] - Object 'Object Repository/Login/btnMasuk' is present

2023-09-07 00:59:01 - [TEST_STEP][PASSED] - click(findTestObject("Login/btnMasuk")): Object: 'Object Repository/Login/btnMasuk' is clicked on

2023-09-07 00:59:02 - [MESSAGE][PASSED] - Object: 'Object Repository/Login/btnMasuk' is clicked on

2023-09-07 00:59:02 - [MESSAGE][PASSED] - Call Test Case 'Test Cases/Login/Step definition/User click botton Masuk' successfully

2023-09-07 00:59:02 - [TEST_STEP][PASSED] - callTestCase(findTestCase("Login/Step definition/user successfully login"), [:], STOP_ON_FAILURE): Call Test Case 'Test Cases/Login/Step definition/user successfully login' successfully

2023-09-07 00:59:02 - [TEST_CASE][PASSED] - Test Cases/Login/Step definition/user successfully login: Test Cases/Login/Step definition/user successfully login

2023-09-07 00:59:02 - [TEST_STEP][PASSED] - verifyElementPresent(findTestObject("Profile/btniconprofile"), 3): Object 'Object Repository/Profile/btniconprofile' is present

2023-09-07 00:59:03 - [MESSAGE][PASSED] - Object 'Object Repository/Profile/btniconprofile' is present

2023-09-07 00:59:03 - [MESSAGE][PASSED] - Call Test Case 'Test Cases/Login/Step definition/user successfully login' successfully

2023-09-07 00:59:03 - [MESSAGE][PASSED] - Call Test Case 'Test Cases/Login/Test Case/User Success login with valid credential' successfully

2023-09-07 00:59:03 - [TEST_STEP][PASSED] - callTestCase(findTestCase("Profile/Step definition/User click pencil icon"), [:], STOP_ON_FAILURE): Call Test Case 'Test Cases/Profile/Step definition/User click pencil icon' successfully

2023-09-07 00:59:03 - [TEST_CASE][PASSED] - Test Cases/Profile/Step definition/User click pencil icon: Test Cases/Profile/Step definition/User click pencil icon

2023-09-07 00:59:03 - [TEST_STEP][PASSED] - verifyElementPresent(findTestObject("Profile/btniconprofile"), 3): Object 'Object Repository/Profile/btniconprofile' is present

2023-09-07 00:59:04 - [MESSAGE][PASSED] - Object 'Object Repository/Profile/btniconprofile' is present

2023-09-07 00:59:04 - [TEST_STEP][PASSED] - click(findTestObject("Profile/btniconprofile")): Object: 'Object Repository/Profile/btniconprofile' is clicked on

2023-09-07 00:59:04 - [MESSAGE][PASSED] - Object: 'Object Repository/Profile/btniconprofile' is clicked on

2023-09-07 00:59:04 - [MESSAGE][PASSED] - Call Test Case 'Test Cases/Profile/Step definition/User click pencil icon' successfully

2023-09-07 00:59:04 - [TEST_STEP][PASSED] - callTestCase(findTestCase("Profile/Step definition/User click profile name"), [:], STOP_ON_FAILURE): Call Test Case 'Test Cases/Profile/Step definition/User click profile name' successfully

2023-09-07 00:59:04 - [TEST_CASE][PASSED] - Test Cases/Profile/Step definition/User click profile name: Test Cases/Profile/Step definition/User click profile name

2023-09-07 00:59:05 - [TEST_STEP][PASSED] - verifyElementPresent(findTestObject("Profile/btnprofilename"), 3): Object 'Object Repository/Profile/btnprofilename' is present

2023-09-07 00:59:05 - [MESSAGE][PASSED] - Object 'Object Repository/Profile/btnprofilename' is present

2023-09-07 00:59:05 - [TEST_STEP][PASSED] - click(findTestObject("Profile/btnprofilename")): Object: 'Object Repository/Profile/btnprofilename' is clicked on

2023-09-07 00:59:06 - [MESSAGE][PASSED] - Object: 'Object Repository/Profile/btnprofilename' is clicked on

2023-09-07 00:59:06 - [MESSAGE][PASSED] - Call Test Case 'Test Cases/Profile/Step definition/User click profile name' successfully

2023-09-07 00:59:06 - [TEST_STEP][PASSED] - callTestCase(findTestCase("Profile/Step definition/User go to profile page"), [:], STOP_ON_FAILURE): Call Test Case 'Test Cases/Profile/Step definition/User go to profile page' successfully

2023-09-07 00:59:06 - [TEST_CASE][PASSED] - Test Cases/Profile/Step definition/User go to profile page: Test Cases/Profile/Step definition/User go to profile page

2023-09-07 00:59:06 - [TEST_STEP][PASSED] - verifyElementPresent(findTestObject("Profile/LabelLengkapiinfoAkun"), 3): Object 'Object Repository/Profile/LabelLengkapiinfoAkun' is present

2023-09-07 00:59:06 - [MESSAGE][PASSED] - Object 'Object Repository/Profile/LabelLengkapiinfoAkun' is present

2023-09-07 00:59:06 - [TEST_STEP][PASSED] - click(findTestObject("Profile/LabelLengkapiinfoAkun")): Object: 'Object Repository/Profile/LabelLengkapiinfoAkun' is clicked on

2023-09-07 00:59:07 - [MESSAGE][PASSED] - Object: 'Object Repository/Profile/LabelLengkapiinfoAkun' is clicked on

2023-09-07 00:59:07 - [MESSAGE][PASSED] - Call Test Case 'Test Cases/Profile/Step definition/User go to profile page' successfully

2023-09-07 00:59:07 - [TEST_STEP][PASSED] - callTestCase(findTestCase("Profile/Step definition/User input name"), [:], STOP_ON_FAILURE): Call Test Case 'Test Cases/Profile/Step definition/User input name' successfully

2023-09-07 00:59:07 - [TEST_CASE][PASSED] - Test Cases/Profile/Step definition/User input name: Test Cases/Profile/Step definition/User input name

2023-09-07 00:59:08 - [TEST_STEP][PASSED] - verifyElementPresent(findTestObject("Profile/fieldnama"), 3): Object 'Object Repository/Profile/fieldnama' is present

2023-09-07 00:59:08 - [MESSAGE][PASSED] - Object 'Object Repository/Profile/fieldnama' is present

2023-09-07 00:59:08 - [TEST_STEP][PASSED] - setText(findTestObject("Profile/fieldnama"), "Test Edit"): Text 'Test Edit' is set on object 'Object Repository/Profile/fieldnama'

2023-09-07 00:59:09 - [MESSAGE][PASSED] - Text 'Test Edit' is set on object 'Object Repository/Profile/fieldnama'

2023-09-07 00:59:09 - [MESSAGE][PASSED] - Call Test Case 'Test Cases/Profile/Step definition/User input name' successfully

2023-09-07 00:59:09 - [TEST_STEP][PASSED] - callTestCase(findTestCase("Profile/Step definition/User input city"), [:], STOP_ON_FAILURE): Call Test Case 'Test Cases/Profile/Step definition/User input city' successfully

2023-09-07 00:59:09 - [TEST_CASE][PASSED] - Test Cases/Profile/Step definition/User input city: Test Cases/Profile/Step definition/User input city

2023-09-07 00:59:09 - [TEST_STEP][PASSED] - verifyElementPresent(findTestObject("Profile/fieldkota"), 3): Object 'Object Repository/Profile/fieldkota' is present

2023-09-07 00:59:10 - [MESSAGE][PASSED] - Object 'Object Repository/Profile/fieldkota' is present

2023-09-07 00:59:10 - [TEST_STEP][PASSED] - click(findTestObject("Profile/fieldkota"), STOP_ON_FAILURE): Object: 'Object Repository/Profile/fieldkota' is clicked on

2023-09-07 00:59:10 - [MESSAGE][PASSED] - Object: 'Object Repository/Profile/fieldkota' is clicked on

2023-09-07 00:59:10 - [MESSAGE][PASSED] - Call Test Case 'Test Cases/Profile/Step definition/User input city' successfully

2023-09-07 00:59:10 - [TEST_STEP][PASSED] - callTestCase(findTestCase("Profile/Step definition/User input address"), [:], STOP_ON_FAILURE): Call Test Case 'Test Cases/Profile/Step definition/User input address' successfully

2023-09-07 00:59:10 - [TEST_CASE][PASSED] - Test Cases/Profile/Step definition/User input address: Test Cases/Profile/Step definition/User input address

2023-09-07 00:59:11 - [TEST_STEP][PASSED] - verifyElementPresent(findTestObject("Profile/fieldalamat"), 3): Object 'Object Repository/Profile/fieldalamat' is present

2023-09-07 00:59:11 - [MESSAGE][PASSED] - Object 'Object Repository/Profile/fieldalamat' is present

2023-09-07 00:59:11 - [TEST_STEP][PASSED] - setText(findTestObject("Profile/fieldalamat"), "Tebet"): Text 'Tebet' is set on object 'Object Repository/Profile/fieldalamat'

2023-09-07 00:59:12 - [MESSAGE][PASSED] - Text 'Tebet' is set on object 'Object Repository/Profile/fieldalamat'

2023-09-07 00:59:12 - [TEST_STEP][PASSED] - scrollToElement(findTestObject("Profile/fieldnohandphone"), 3): Scroll to object 'Object Repository/Profile/fieldnohandphone' successfully

2023-09-07 00:59:12 - [MESSAGE][PASSED] - Scroll to object 'Object Repository/Profile/fieldnohandphone' successfully

2023-09-07 00:59:12 - [MESSAGE][PASSED] - Call Test Case 'Test Cases/Profile/Step definition/User input address' successfully

2023-09-07 00:59:12 - [TEST_STEP][PASSED] - callTestCase(findTestCase("Profile/Step definition/User input phone number"), [:], STOP_ON_FAILURE): Call Test Case 'Test Cases/Profile/Step definition/User input phone number' successfully

2023-09-07 00:59:12 - [TEST_CASE][PASSED] - Test Cases/Profile/Step definition/User input phone number: Test Cases/Profile/Step definition/User input phone number

2023-09-07 00:59:13 - [TEST_STEP][PASSED] - verifyElementPresent(findTestObject("Profile/fieldnohandphone"), 3): Object 'Object Repository/Profile/fieldnohandphone' is present

2023-09-07 00:59:13 - [MESSAGE][PASSED] - Object 'Object Repository/Profile/fieldnohandphone' is present

2023-09-07 00:59:13 - [TEST_STEP][PASSED] - setText(findTestObject("Profile/fieldnohandphone"), "081284174440"): Text '081284174440' is set on object 'Object Repository/Profile/fieldnohandphone'

2023-09-07 00:59:14 - [MESSAGE][PASSED] - Text '081284174440' is set on object 'Object Repository/Profile/fieldnohandphone'

2023-09-07 00:59:14 - [TEST_STEP][PASSED] - scrollToElement(findTestObject("Profile/btnsimpan"), 3): Scroll to object 'Object Repository/Profile/btnsimpan' successfully

2023-09-07 00:59:14 - [MESSAGE][PASSED] - Scroll to object 'Object Repository/Profile/btnsimpan' successfully

2023-09-07 00:59:14 - [MESSAGE][PASSED] - Call Test Case 'Test Cases/Profile/Step definition/User input phone number' successfully

2023-09-07 00:59:14 - [TEST_STEP][PASSED] - callTestCase(findTestCase("Profile/Step definition/Click button Simpan"), [:], STOP_ON_FAILURE): Call Test Case 'Test Cases/Profile/Step definition/Click button Simpan' successfully

2023-09-07 00:59:14 - [TEST_CASE][PASSED] - Test Cases/Profile/Step definition/Click button Simpan: Test Cases/Profile/Step definition/Click button Simpan

2023-09-07 00:59:14 - [TEST_STEP][PASSED] - waitForElementClickable(findTestObject("Profile/btnsimpan"), 3): Object 'Object Repository/Profile/btnsimpan' is clickable

2023-09-07 00:59:15 - [MESSAGE][PASSED] - Object 'Object Repository/Profile/btnsimpan' is clickable

2023-09-07 00:59:15 - [TEST_STEP][PASSED] - click(findTestObject("Profile/btnsimpan")): Object: 'Object Repository/Profile/btnsimpan' is clicked on

2023-09-07 00:59:15 - [MESSAGE][PASSED] - Object: 'Object Repository/Profile/btnsimpan' is clicked on

2023-09-07 00:59:15 - [MESSAGE][PASSED] - Call Test Case 'Test Cases/Profile/Step definition/Click button Simpan' successfully

2023-09-07 00:59:15 - [TEST_STEP][PASSED] - callTestCase(findTestCase("Profile/Step definition/User success edit profile"), [:], STOP_ON_FAILURE): Call Test Case 'Test Cases/Profile/Step definition/User success edit profile' successfully

2023-09-07 00:59:15 - [TEST_CASE][PASSED] - Test Cases/Profile/Step definition/User success edit profile: Test Cases/Profile/Step definition/User success edit profile

2023-09-07 00:59:16 - [TEST_STEP][PASSED] - click(findTestObject("Profile/btniconprofile")): Object: 'Object Repository/Profile/btniconprofile' is clicked on

2023-09-07 00:59:16 - [MESSAGE][PASSED] - Object: 'Object Repository/Profile/btniconprofile' is clicked on

2023-09-07 00:59:16 - [TEST_STEP][PASSED] - verifyElementText(findTestObject("Profile/btnprofilename"), "Test"): Actual text and expected text of test object 'Object Repository/Profile/btnprofilename' are matched.

2023-09-07 00:59:17 - [MESSAGE][PASSED] - Actual text and expected text of test object 'Object Repository/Profile/btnprofilename' are matched.

2023-09-07 00:59:17 - [MESSAGE][PASSED] - Call Test Case 'Test Cases/Profile/Step definition/User success edit profile' successfully]]></system-out>
         <system-err><![CDATA[]]></system-err>
      </testcase>
      <system-out><![CDATA[2023-09-07 00:58:16 - [TEST_SUITE][PASSED] - Feature Profile: Test Cases/Test Case/Edit Profile with valid data]]></system-out>
      <system-err><![CDATA[]]></system-err>
   </testsuite>
</testsuites>
